<?xml version="1.0" encoding="UTF-8"?>
<!-- Generated by org.testng.reporters.JUnitReportReporter -->
<testsuite hostname="Anand-Rajendiran" failures="0" tests="2" name="testCases.TestCaseHomepage" time="50.771" errors="0" timestamp="2025-10-17T17:29:06 IST" skipped="0">
  <testcase classname="testCases.TestCaseHomepage" name="HomeScreenProfile" time="10.434"/>
  <testcase classname="testCases.TestCaseHomepage" name="validattionOfSearchbox" time="40.337"/>
</testsuite> <!-- testCases.TestCaseHomepage -->
