<?xml version="1.0" encoding="UTF-8"?>
<!-- Generated by org.testng.reporters.JUnitReportReporter -->
<testsuite hostname="Anand-Rajendiran" failures="0" tests="6" name="testCases.TestCaseLogin" time="10.734" errors="0" timestamp="2025-10-17T12:49:58 IST" skipped="0">
  <testcase classname="testCases.TestCaseLogin" name="login_With_Valid_Creadtial" time="4.461"/>
  <testcase classname="testCases.TestCaseLogin" name="login_With_InValid_Credential_in_Password" time="1.996"/>
  <testcase classname="testCases.TestCaseLogin" name="login_With_InValid_Credential_in_username" time="1.387"/>
  <testcase classname="testCases.TestCaseLogin" name="BrandLogo" time="0.021"/>
  <testcase classname="testCases.TestCaseLogin" name="ForgotPassword" time="1.345"/>
  <testcase classname="testCases.TestCaseLogin" name="Resetpassword" time="1.524"/>
</testsuite> <!-- testCases.TestCaseLogin -->
