<?xml version="1.0" encoding="UTF-8"?>
<!-- Generated by org.testng.reporters.JUnitReportReporter -->
<testsuite hostname="Anand-Rajendiran" failures="0" tests="2" name="testCases.TestCaseHomepage" time="51.940" errors="0" timestamp="2025-10-17T15:37:05 IST" skipped="0">
  <testcase classname="testCases.TestCaseHomepage" name="HomeScreenProfile" time="10.787"/>
  <testcase classname="testCases.TestCaseHomepage" name="validattionOfSearchbox" time="41.153"/>
</testsuite> <!-- testCases.TestCaseHomepage -->
