<?xml version="1.0" encoding="UTF-8"?>
<!-- Generated by org.testng.reporters.JUnitReportReporter -->
<testsuite hostname="Anand-Rajendiran" failures="0" tests="1" name="testCases.TestCaseProfile" time="29.682" errors="0" timestamp="2025-10-14T11:37:05 IST" skipped="0">
  <testcase classname="testCases.TestCaseProfile" name="ProfilePage" time="29.682"/>
</testsuite> <!-- testCases.TestCaseProfile -->
