<?xml version="1.0" encoding="UTF-8"?>
<!-- Generated by org.testng.reporters.JUnitReportReporter -->
<testsuite hostname="Anand-Rajendiran" failures="0" tests="2" name="testCases.TestCasePIM" time="17.852" errors="0" timestamp="2025-10-17T18:37:07 IST" skipped="0">
  <testcase classname="testCases.TestCasePIM" name="AddEmployee" time="8.888"/>
  <testcase classname="testCases.TestCasePIM" name="DeleteEmployeeRecord" time="8.964"/>
</testsuite> <!-- testCases.TestCasePIM -->
