<?xml version="1.0" encoding="UTF-8"?>
<!-- Generated by org.testng.reporters.JUnitReportReporter -->
<testsuite hostname="Anand-Rajendiran" failures="0" tests="6" name="testCases.TestCaseLogin" time="10.678" errors="0" timestamp="2025-10-12T12:39:35 IST" skipped="0">
  <testcase classname="testCases.TestCaseLogin" name="login_With_Valid_Creadtial" time="4.920"/>
  <testcase classname="testCases.TestCaseLogin" name="login_With_InValid_Credential_in_Password" time="1.945"/>
  <testcase classname="testCases.TestCaseLogin" name="login_With_InValid_Credential_in_username" time="1.286"/>
  <testcase classname="testCases.TestCaseLogin" name="BrandLogo" time="0.050"/>
  <testcase classname="testCases.TestCaseLogin" name="ForgotPassword" time="1.286"/>
  <testcase classname="testCases.TestCaseLogin" name="Resetpassword" time="1.191"/>
</testsuite> <!-- testCases.TestCaseLogin -->
