<?xml version="1.0" encoding="UTF-8"?>
<!-- Generated by org.testng.reporters.JUnitReportReporter -->
<testsuite hostname="Anand-Rajendiran" failures="0" tests="6" name="testCases.TestCaseLogin" time="10.360" errors="0" timestamp="2025-10-17T18:37:07 IST" skipped="0">
  <testcase classname="testCases.TestCaseLogin" name="login_With_Valid_Creadtial" time="4.065"/>
  <testcase classname="testCases.TestCaseLogin" name="login_With_InValid_Credential_in_Password" time="2.128"/>
  <testcase classname="testCases.TestCaseLogin" name="login_With_InValid_Credential_in_username" time="1.458"/>
  <testcase classname="testCases.TestCaseLogin" name="BrandLogo" time="0.029"/>
  <testcase classname="testCases.TestCaseLogin" name="ForgotPassword" time="1.363"/>
  <testcase classname="testCases.TestCaseLogin" name="Resetpassword" time="1.317"/>
</testsuite> <!-- testCases.TestCaseLogin -->
