<?xml version="1.0" encoding="UTF-8"?>
<!-- Generated by org.testng.reporters.JUnitReportReporter -->
<testsuite hostname="Anand-Rajendiran" failures="0" tests="6" name="testCases.TestCaseLogin" time="12.407" errors="0" timestamp="2025-10-16T15:21:01 IST" skipped="0">
  <testcase classname="testCases.TestCaseLogin" name="login_With_Valid_Creadtial" time="5.152"/>
  <testcase classname="testCases.TestCaseLogin" name="login_With_InValid_Credential_in_Password" time="1.975"/>
  <testcase classname="testCases.TestCaseLogin" name="login_With_InValid_Credential_in_username" time="1.489"/>
  <testcase classname="testCases.TestCaseLogin" name="BrandLogo" time="0.078"/>
  <testcase classname="testCases.TestCaseLogin" name="ForgotPassword" time="2.431"/>
  <testcase classname="testCases.TestCaseLogin" name="Resetpassword" time="1.282"/>
</testsuite> <!-- testCases.TestCaseLogin -->
