<?xml version="1.0" encoding="UTF-8"?>
<!-- Generated by org.testng.reporters.JUnitReportReporter -->
<testsuite hostname="Anand-Rajendiran" failures="0" tests="2" name="testCases.TestCaseHomepage" time="72.231" errors="0" timestamp="2025-10-16T12:21:19 IST" skipped="0">
  <testcase classname="testCases.TestCaseHomepage" name="HomeScreenProfile" time="8.391"/>
  <testcase classname="testCases.TestCaseHomepage" name="validattionOfSearchbox" time="63.840"/>
</testsuite> <!-- testCases.TestCaseHomepage -->
