<?xml version="1.0" encoding="UTF-8"?>
<!-- Generated by org.testng.reporters.JUnitReportReporter -->
<testsuite hostname="Anand-Rajendiran" failures="0" tests="2" name="testCases.TestCasePIM" time="17.118" errors="0" timestamp="2025-10-16T15:22:44 IST" skipped="0">
  <testcase classname="testCases.TestCasePIM" name="AddEmployee" time="7.806"/>
  <testcase classname="testCases.TestCasePIM" name="DeleteEmployeeRecord" time="9.312"/>
</testsuite> <!-- testCases.TestCasePIM -->
