<?xml version="1.0" encoding="UTF-8"?>
<!-- Generated by org.testng.reporters.JUnitReportReporter -->
<testsuite hostname="Anand-Rajendiran" failures="0" tests="2" name="testCases.TestCaseHomepage" time="74.301" errors="0" timestamp="2025-10-16T15:20:15 IST" skipped="0">
  <testcase classname="testCases.TestCaseHomepage" name="HomeScreenProfile" time="8.764"/>
  <testcase classname="testCases.TestCaseHomepage" name="validattionOfSearchbox" time="65.537"/>
</testsuite> <!-- testCases.TestCaseHomepage -->
