<?xml version="1.0" encoding="UTF-8"?>
<!-- Generated by org.testng.reporters.JUnitReportReporter -->
<testsuite hostname="Anand-Rajendiran" failures="0" tests="2" name="testCases.TestCasePIM" time="19.382" errors="0" timestamp="2025-10-16T12:21:19 IST" skipped="0">
  <testcase classname="testCases.TestCasePIM" name="AddEmployee" time="10.525"/>
  <testcase classname="testCases.TestCasePIM" name="DeleteEmployeeRecord" time="8.857"/>
</testsuite> <!-- testCases.TestCasePIM -->
