<?xml version="1.0" encoding="UTF-8"?>
<!-- Generated by org.testng.reporters.JUnitReportReporter -->
<testsuite hostname="Anand-Rajendiran" failures="0" tests="2" name="testCases.TestCaseHomepage" time="52.624" errors="0" timestamp="2025-10-17T18:37:07 IST" skipped="0">
  <testcase classname="testCases.TestCaseHomepage" name="HomeScreenProfile" time="10.412"/>
  <testcase classname="testCases.TestCaseHomepage" name="validattionOfSearchbox" time="42.212"/>
</testsuite> <!-- testCases.TestCaseHomepage -->
