<?xml version="1.0" encoding="UTF-8"?>
<!-- Generated by org.testng.reporters.JUnitReportReporter -->
<testsuite hostname="Anand-Rajendiran" failures="0" tests="2" name="testCases.TestCasePIM" time="16.935" errors="0" timestamp="2025-10-17T17:29:06 IST" skipped="0">
  <testcase classname="testCases.TestCasePIM" name="AddEmployee" time="7.932"/>
  <testcase classname="testCases.TestCasePIM" name="DeleteEmployeeRecord" time="9.003"/>
</testsuite> <!-- testCases.TestCasePIM -->
