<?xml version="1.0" encoding="UTF-8"?>
<!-- Generated by org.testng.reporters.JUnitReportReporter -->
<testsuite hostname="Anand-Rajendiran" failures="0" tests="2" name="testCases.TestCaseHomepage" time="73.096" errors="0" timestamp="2025-10-07T14:56:55 IST" skipped="0">
  <testcase classname="testCases.TestCaseHomepage" name="HomeScreenProfile" time="9.072"/>
  <testcase classname="testCases.TestCaseHomepage" name="validattionOfSearchbox" time="64.024"/>
</testsuite> <!-- testCases.TestCaseHomepage -->
