<?xml version="1.0" encoding="UTF-8"?>
<!-- Generated by org.testng.reporters.JUnitReportReporter -->
<testsuite hostname="Anand-Rajendiran" failures="0" tests="1" name="testCases.TestCaseProfile" time="29.778" errors="0" timestamp="2025-10-17T18:37:07 IST" skipped="0">
  <testcase classname="testCases.TestCaseProfile" name="ProfilePage" time="29.778"/>
</testsuite> <!-- testCases.TestCaseProfile -->
